0 info it worked if it ends with ok
1 verbose cli [ 'C:\\server\\node\\node.exe',
1 verbose cli   'C:\\server\\node\\node_modules\\npm\\bin\\npm-cli.js',
1 verbose cli   'version',
1 verbose cli   'patch' ]
2 info using npm@4.0.5
3 info using node@v7.4.0
4 info git [ 'status', '--porcelain' ]
5 verbose stack Error: Git working directory not clean.
5 verbose stack M README.md
5 verbose stack M docs/class/src/error.js~ErrorM.html
5 verbose stack M docs/class/src/flow.js~Flow.html
5 verbose stack M docs/class/src/identity.js~Identity.html
5 verbose stack M docs/class/src/list.js~List.html
5 verbose stack M docs/class/src/maybe.js~Maybe.html
5 verbose stack M docs/class/src/monad.js~Monad.html
5 verbose stack M docs/class/src/state.js~State.html
5 verbose stack M docs/dump.json
5 verbose stack M docs/function/index.html
5 verbose stack M docs/index.html
5 verbose stack M docs/package.json
5 verbose stack M docs/script/search_index.js
5 verbose stack M docs/source.html
5 verbose stack     at C:\server\node\node_modules\npm\lib\version.js:247:19
5 verbose stack     at C:\server\node\node_modules\npm\lib\utils\no-progress-while-running.js:21:8
5 verbose stack     at ChildProcess.exithandler (child_process.js:202:7)
5 verbose stack     at emitTwo (events.js:106:13)
5 verbose stack     at ChildProcess.emit (events.js:191:7)
5 verbose stack     at maybeClose (internal/child_process.js:885:16)
5 verbose stack     at Process.ChildProcess._handle.onexit (internal/child_process.js:226:5)
6 verbose cwd C:\Users\internet\Documents\GitHub\Libraries\monad-temp
7 error Windows_NT 10.0.15063
8 error argv "C:\\server\\node\\node.exe" "C:\\server\\node\\node_modules\\npm\\bin\\npm-cli.js" "version" "patch"
9 error node v7.4.0
10 error npm  v4.0.5
11 error Git working directory not clean.
11 error M README.md
11 error M docs/class/src/error.js~ErrorM.html
11 error M docs/class/src/flow.js~Flow.html
11 error M docs/class/src/identity.js~Identity.html
11 error M docs/class/src/list.js~List.html
11 error M docs/class/src/maybe.js~Maybe.html
11 error M docs/class/src/monad.js~Monad.html
11 error M docs/class/src/state.js~State.html
11 error M docs/dump.json
11 error M docs/function/index.html
11 error M docs/index.html
11 error M docs/package.json
11 error M docs/script/search_index.js
11 error M docs/source.html
12 error If you need help, you may report this error at:
12 error     <https://github.com/npm/npm/issues>
13 verbose exit [ 1, true ]
